FAIL ./hiker.test.js
  â— Test suite failed to run

    ReferenceError: answer is not defined

      5 | }
      6 | 
    > 7 | module.exports = answer;
        |                  ^
      8 | 

      at Object.<anonymous> (hiker.js:7:18)
      at Object.<anonymous> (hiker.test.js:3:16)

Test Suites: 1 failed, 1 total
Tests:       0 total
Snapshots:   0 total
Time:        1.31 s
Ran all test suites.
npm ERR! code ELIFECYCLE
npm ERR! errno 1
npm ERR! @ test: `jest --coverage`
npm ERR! Exit status 1
npm ERR! 
npm ERR! Failed at the @ test script.
npm ERR! This is probably not a problem with npm. There is likely additional logging output above.

npm ERR! A complete log of this run can be found in:
npm ERR!     /home/sandbox/.npm/_logs/2022-09-08T18_15_10_673Z-debug.log
